# JRE version: OpenJDK Runtime Environment Temurin-17.0.11+9 (17.0.11+9) (build 17.0.11+9)
# Java VM: OpenJDK Client VM Temurin-17.0.11+9 (17.0.11+9, mixed mode, emulated-client, serial gc, windows-x86)
GC Precious Log:
 CPUs: 12 total, 12 available
 Memory: 16092M
 Large Page Support: Disabled
 NUMA Support: Disabled
 Compressed Oops: Disabled
 Heap Min Capacity: 6M
 Heap Initial Capacity: 16M
 Heap Max Capacity: 1536M
 Pre-touch: Disabled
Heap:
 def new generation   total 110400K, used 11079K [0x05600000, 0x0cdc0000, 0x25600000)
  eden space 98176K,   4% used [0x05600000, 0x05ac6fa8, 0x0b5e0000)
  from space 12224K,  50% used [0x0c1d0000, 0x0c7daf98, 0x0cdc0000)
  to   space 12224K,   0% used [0x0b5e0000, 0x0b5e0000, 0x0c1d0000)
 tenured generation   total 243856K, used 152472K [0x25600000, 0x34424000, 0x65600000)
   the space 243856K,  62% used [0x25600000, 0x2eae60c8, 0x2eae6200, 0x34424000)
 Metaspace       used 80745K, committed 81152K, reserved 81920K
GC Heap History (20 events):
Event: 177.660 GC heap before
{Heap before GC invocations=222 (full 7):
 def new generation   total 110400K, used 102640K [0x05600000, 0x0cdc0000, 0x25600000)
  eden space 98176K, 100% used [0x05600000, 0x0b5e0000, 0x0b5e0000)
  from space 12224K,  36% used [0x0c1d0000, 0x0c62c390, 0x0cdc0000)
  to   space 12224K,   0% used [0x0b5e0000, 0x0b5e0000, 0x0c1d0000)
 tenured generation   total 243856K, used 146311K [0x25600000, 0x34424000, 0x65600000)
   the space 243856K,  59% used [0x25600000, 0x2e4e1d08, 0x2e4e1e00, 0x34424000)
 Metaspace       used 74058K, committed 74496K, reserved 81920K
}
Event: 177.679 GC heap after
{Heap after GC invocations=223 (full 7):
 def new generation   total 110400K, used 5625K [0x05600000, 0x0cdc0000, 0x25600000)
  eden space 98176K,   0% used [0x05600000, 0x05600000, 0x0b5e0000)
  from space 12224K,  46% used [0x0b5e0000, 0x0bb5e7f8, 0x0c1d0000)
  to   space 12224K,   0% used [0x0c1d0000, 0x0c1d0000, 0x0cdc0000)
 tenured generation   total 243856K, used 146311K [0x25600000, 0x34424000, 0x65600000)
   the space 243856K,  59% used [0x25600000, 0x2e4e1d08, 0x2e4e1e00, 0x34424000)
 Metaspace       used 74058K, committed 74496K, reserved 81920K
}
Event: 180.285 GC heap before
{Heap before GC invocations=223 (full 7):
 def new generation   total 110400K, used 103801K [0x05600000, 0x0cdc0000, 0x25600000)
  eden space 98176K, 100% used [0x05600000, 0x0b5e0000, 0x0b5e0000)
  from space 12224K,  46% used [0x0b5e0000, 0x0bb5e7f8, 0x0c1d0000)
  to   space 12224K,   0% used [0x0c1d0000, 0x0c1d0000, 0x0cdc0000)
 tenured generation   total 243856K, used 146311K [0x25600000, 0x34424000, 0x65600000)
   the space 243856K,  59% used [0x25600000, 0x2e4e1d08, 0x2e4e1e00, 0x34424000)
 Metaspace       used 77348K, committed 77760K, reserved 81920K
}
Event: 180.314 GC heap after
{Heap after GC invocations=224 (full 7):
 def new generation   total 110400K, used 5837K [0x05600000, 0x0cdc0000, 0x25600000)
  eden space 98176K,   0% used [0x05600000, 0x05600000, 0x0b5e0000)
  from space 12224K,  47% used [0x0c1d0000, 0x0c783478, 0x0cdc0000)
  to   space 12224K,   0% used [0x0b5e0000, 0x0b5e0000, 0x0c1d0000)
 tenured generation   total 243856K, used 146311K [0x25600000, 0x34424000, 0x65600000)
   the space 243856K,  59% used [0x25600000, 0x2e4e1d08, 0x2e4e1e00, 0x34424000)
 Metaspace       used 77348K, committed 77760K, reserved 81920K
}
Event: 181.785 GC heap before
{Heap before GC invocations=224 (full 7):
 def new generation   total 110400K, used 104006K [0x05600000, 0x0cdc0000, 0x25600000)
  eden space 98176K,  99% used [0x05600000, 0x0b5de670, 0x0b5e0000)
  from space 12224K,  47% used [0x0c1d0000, 0x0c783478, 0x0cdc0000)
  to   space 12224K,   0% used [0x0b5e0000, 0x0b5e0000, 0x0c1d0000)
 tenured generation   total 243856K, used 146311K [0x25600000, 0x34424000, 0x65600000)
   the space 243856K,  59% used [0x25600000, 0x2e4e1d08, 0x2e4e1e00, 0x34424000)
 Metaspace       used 77449K, committed 77824K, reserved 81920K
}
Event: 181.808 GC heap after
{Heap after GC invocations=225 (full 7):
 def new generation   total 110400K, used 6691K [0x05600000, 0x0cdc0000, 0x25600000)
  eden space 98176K,   0% used [0x05600000, 0x05600000, 0x0b5e0000)
  from space 12224K,  54% used [0x0b5e0000, 0x0bc68e18, 0x0c1d0000)
  to   space 12224K,   0% used [0x0c1d0000, 0x0c1d0000, 0x0cdc0000)
 tenured generation   total 243856K, used 146311K [0x25600000, 0x34424000, 0x65600000)
   the space 243856K,  59% used [0x25600000, 0x2e4e1d08, 0x2e4e1e00, 0x34424000)
 Metaspace       used 77449K, committed 77824K, reserved 81920K
}
Event: 182.758 GC heap before
{Heap before GC invocations=225 (full 7):
 def new generation   total 110400K, used 104867K [0x05600000, 0x0cdc0000, 0x25600000)
  eden space 98176K, 100% used [0x05600000, 0x0b5e0000, 0x0b5e0000)
  from space 12224K,  54% used [0x0b5e0000, 0x0bc68e18, 0x0c1d0000)
  to   space 12224K,   0% used [0x0c1d0000, 0x0c1d0000, 0x0cdc0000)
 tenured generation   total 243856K, used 146311K [0x25600000, 0x34424000, 0x65600000)
   the space 243856K,  59% used [0x25600000, 0x2e4e1d08, 0x2e4e1e00, 0x34424000)
 Metaspace       used 79166K, committed 79552K, reserved 81920K
}
Event: 182.803 GC heap after
{Heap after GC invocations=226 (full 7):
 def new generation   total 110400K, used 9685K [0x05600000, 0x0cdc0000, 0x25600000)
  eden space 98176K,   0% used [0x05600000, 0x05600000, 0x0b5e0000)
  from space 12224K,  79% used [0x0c1d0000, 0x0cb456d8, 0x0cdc0000)
  to   space 12224K,   0% used [0x0b5e0000, 0x0b5e0000, 0x0c1d0000)
 tenured generation   total 243856K, used 148484K [0x25600000, 0x34424000, 0x65600000)
   the space 243856K,  60% used [0x25600000, 0x2e701068, 0x2e701200, 0x34424000)
 Metaspace       used 79166K, committed 79552K, reserved 81920K
}
Event: 192.172 GC heap before
{Heap before GC invocations=226 (full 7):
 def new generation   total 110400K, used 107861K [0x05600000, 0x0cdc0000, 0x25600000)
  eden space 98176K, 100% used [0x05600000, 0x0b5e0000, 0x0b5e0000)
  from space 12224K,  79% used [0x0c1d0000, 0x0cb456d8, 0x0cdc0000)
  to   space 12224K,   0% used [0x0b5e0000, 0x0b5e0000, 0x0c1d0000)
 tenured generation   total 243856K, used 148484K [0x25600000, 0x34424000, 0x65600000)
   the space 243856K,  60% used [0x25600000, 0x2e701068, 0x2e701200, 0x34424000)
 Metaspace       used 80088K, committed 80576K, reserved 81920K
}
Event: 192.199 GC heap after
{Heap after GC invocations=227 (full 7):
 def new generation   total 110400K, used 2524K [0x05600000, 0x0cdc0000, 0x25600000)
  eden space 98176K,   0% used [0x05600000, 0x05600000, 0x0b5e0000)
  from space 12224K,  20% used [0x0b5e0000, 0x0b857078, 0x0c1d0000)
  to   space 12224K,   0% used [0x0c1d0000, 0x0c1d0000, 0x0cdc0000)
 tenured generation   total 243856K, used 152472K [0x25600000, 0x34424000, 0x65600000)
   the space 243856K,  62% used [0x25600000, 0x2eae60c8, 0x2eae6200, 0x34424000)
 Metaspace       used 80088K, committed 80576K, reserved 81920K
}
Event: 194.568 GC heap before
{Heap before GC invocations=227 (full 7):
 def new generation   total 110400K, used 100700K [0x05600000, 0x0cdc0000, 0x25600000)
  eden space 98176K, 100% used [0x05600000, 0x0b5e0000, 0x0b5e0000)
  from space 12224K,  20% used [0x0b5e0000, 0x0b857078, 0x0c1d0000)
  to   space 12224K,   0% used [0x0c1d0000, 0x0c1d0000, 0x0cdc0000)
 tenured generation   total 243856K, used 152472K [0x25600000, 0x34424000, 0x65600000)
   the space 243856K,  62% used [0x25600000, 0x2eae60c8, 0x2eae6200, 0x34424000)
 Metaspace       used 80598K, committed 81024K, reserved 81920K
}
Event: 194.591 GC heap after
{Heap after GC invocations=228 (full 7):
 def new generation   total 110400K, used 3840K [0x05600000, 0x0cdc0000, 0x25600000)
  eden space 98176K,   0% used [0x05600000, 0x05600000, 0x0b5e0000)
  from space 12224K,  31% used [0x0c1d0000, 0x0c590250, 0x0cdc0000)
  to   space 12224K,   0% used [0x0b5e0000, 0x0b5e0000, 0x0c1d0000)
 tenured generation   total 243856K, used 152472K [0x25600000, 0x34424000, 0x65600000)
   the space 243856K,  62% used [0x25600000, 0x2eae60c8, 0x2eae6200, 0x34424000)
 Metaspace       used 80598K, committed 81024K, reserved 81920K
}
Event: 195.579 GC heap before
{Heap before GC invocations=228 (full 7):
 def new generation   total 110400K, used 101980K [0x05600000, 0x0cdc0000, 0x25600000)
  eden space 98176K,  99% used [0x05600000, 0x0b5d70c8, 0x0b5e0000)
  from space 12224K,  31% used [0x0c1d0000, 0x0c590250, 0x0cdc0000)
  to   space 12224K,   0% used [0x0b5e0000, 0x0b5e0000, 0x0c1d0000)
 tenured generation   total 243856K, used 152472K [0x25600000, 0x34424000, 0x65600000)
   the space 243856K,  62% used [0x25600000, 0x2eae60c8, 0x2eae6200, 0x34424000)
 Metaspace       used 80673K, committed 81088K, reserved 81920K
}
Event: 195.596 GC heap after
{Heap after GC invocations=229 (full 7):
 def new generation   total 110400K, used 3903K [0x05600000, 0x0cdc0000, 0x25600000)
  eden space 98176K,   0% used [0x05600000, 0x05600000, 0x0b5e0000)
  from space 12224K,  31% used [0x0b5e0000, 0x0b9afe70, 0x0c1d0000)
  to   space 12224K,   0% used [0x0c1d0000, 0x0c1d0000, 0x0cdc0000)
 tenured generation   total 243856K, used 152472K [0x25600000, 0x34424000, 0x65600000)
   the space 243856K,  62% used [0x25600000, 0x2eae60c8, 0x2eae6200, 0x34424000)
 Metaspace       used 80673K, committed 81088K, reserved 81920K
}
Event: 196.078 GC heap before
{Heap before GC invocations=229 (full 7):
 def new generation   total 110400K, used 102079K [0x05600000, 0x0cdc0000, 0x25600000)
  eden space 98176K, 100% used [0x05600000, 0x0b5e0000, 0x0b5e0000)
  from space 12224K,  31% used [0x0b5e0000, 0x0b9afe70, 0x0c1d0000)
  to   space 12224K,   0% used [0x0c1d0000, 0x0c1d0000, 0x0cdc0000)
 tenured generation   total 243856K, used 152472K [0x25600000, 0x34424000, 0x65600000)
   the space 243856K,  62% used [0x25600000, 0x2eae60c8, 0x2eae6200, 0x34424000)
 Metaspace       used 80673K, committed 81088K, reserved 81920K
}
Event: 196.094 GC heap after
{Heap after GC invocations=230 (full 7):
 def new generation   total 110400K, used 4186K [0x05600000, 0x0cdc0000, 0x25600000)
  eden space 98176K,   0% used [0x05600000, 0x05600000, 0x0b5e0000)
  from space 12224K,  34% used [0x0c1d0000, 0x0c5e69e8, 0x0cdc0000)
  to   space 12224K,   0% used [0x0b5e0000, 0x0b5e0000, 0x0c1d0000)
 tenured generation   total 243856K, used 152472K [0x25600000, 0x34424000, 0x65600000)
   the space 243856K,  62% used [0x25600000, 0x2eae60c8, 0x2eae6200, 0x34424000)
 Metaspace       used 80673K, committed 81088K, reserved 81920K
}
Event: 196.548 GC heap before
{Heap before GC invocations=230 (full 7):
 def new generation   total 110400K, used 102362K [0x05600000, 0x0cdc0000, 0x25600000)
  eden space 98176K, 100% used [0x05600000, 0x0b5e0000, 0x0b5e0000)
  from space 12224K,  34% used [0x0c1d0000, 0x0c5e69e8, 0x0cdc0000)
  to   space 12224K,   0% used [0x0b5e0000, 0x0b5e0000, 0x0c1d0000)
 tenured generation   total 243856K, used 152472K [0x25600000, 0x34424000, 0x65600000)
   the space 243856K,  62% used [0x25600000, 0x2eae60c8, 0x2eae6200, 0x34424000)
 Metaspace       used 80673K, committed 81088K, reserved 81920K
}
Event: 196.561 GC heap after
{Heap after GC invocations=231 (full 7):
 def new generation   total 110400K, used 5783K [0x05600000, 0x0cdc0000, 0x25600000)
  eden space 98176K,   0% used [0x05600000, 0x05600000, 0x0b5e0000)
  from space 12224K,  47% used [0x0b5e0000, 0x0bb85f80, 0x0c1d0000)
  to   space 12224K,   0% used [0x0c1d0000, 0x0c1d0000, 0x0cdc0000)
 tenured generation   total 243856K, used 152472K [0x25600000, 0x34424000, 0x65600000)
   the space 243856K,  62% used [0x25600000, 0x2eae60c8, 0x2eae6200, 0x34424000)
 Metaspace       used 80673K, committed 81088K, reserved 81920K
}
Event: 196.987 GC heap before
{Heap before GC invocations=231 (full 7):
 def new generation   total 110400K, used 103959K [0x05600000, 0x0cdc0000, 0x25600000)
  eden space 98176K, 100% used [0x05600000, 0x0b5e0000, 0x0b5e0000)
  from space 12224K,  47% used [0x0b5e0000, 0x0bb85f80, 0x0c1d0000)
  to   space 12224K,   0% used [0x0c1d0000, 0x0c1d0000, 0x0cdc0000)
 tenured generation   total 243856K, used 152472K [0x25600000, 0x34424000, 0x65600000)
   the space 243856K,  62% used [0x25600000, 0x2eae60c8, 0x2eae6200, 0x34424000)
 Metaspace       used 80673K, committed 81088K, reserved 81920K
}
Event: 197.003 GC heap after
{Heap after GC invocations=232 (full 7):
 def new generation   total 110400K, used 6187K [0x05600000, 0x0cdc0000, 0x25600000)
  eden space 98176K,   0% used [0x05600000, 0x05600000, 0x0b5e0000)
  from space 12224K,  50% used [0x0c1d0000, 0x0c7daf98, 0x0cdc0000)
  to   space 12224K,   0% used [0x0b5e0000, 0x0b5e0000, 0x0c1d0000)
 tenured generation   total 243856K, used 152472K [0x25600000, 0x34424000, 0x65600000)
   the space 243856K,  62% used [0x25600000, 0x2eae60c8, 0x2eae6200, 0x34424000)
 Metaspace       used 80673K, committed 81088K, reserved 81920K
}

